[    0.000000] Linux version 4.15.0-91-generic (buildd@lgw01-amd64-013) (gcc version 7.4.0 (Ubuntu 7.4.0-1ubuntu1~18.04.1)) #92-Ubuntu SMP Fri Feb 28 11:09:48 UTC 2020 (Ubuntu 4.15.0-91.92-generic 4.15.18)
[    0.000000] Command line: BOOT_IMAGE=/boot/vmlinuz-4.15.0-91-generic root=LABEL=cloudimg-rootfs ro console=tty1 console=ttyS0
[    0.000000] KERNEL supported cpus:
[    0.000000]   Intel GenuineIntel
[    0.000000]   AMD AuthenticAMD
[    0.000000]   Centaur CentaurHauls
[    0.000000] x86/fpu: Supporting XSAVE feature 0x001: 'x87 floating point registers'
[    0.000000] x86/fpu: Supporting XSAVE feature 0x002: 'SSE registers'
[    0.000000] x86/fpu: Supporting XSAVE feature 0x004: 'AVX registers'
[    0.000000] x86/fpu: xstate_offset[2]:  576, xstate_sizes[2]:  256
[    0.000000] x86/fpu: Enabled xstate features 0x7, context size is 832 bytes, using 'standard' format.
[    0.000000] e820: BIOS-provided physical RAM map:
[    0.000000] BIOS-e820: [mem 0x0000000000000000-0x000000000009fbff] usable
[    0.000000] BIOS-e820: [mem 0x000000000009fc00-0x000000000009ffff] reserved
[    0.000000] BIOS-e820: [mem 0x00000000000f0000-0x00000000000fffff] reserved
[    0.000000] BIOS-e820: [mem 0x0000000000100000-0x000000003ffeffff] usable
[    0.000000] BIOS-e820: [mem 0x000000003fff0000-0x000000003fffffff] ACPI data
[    0.000000] BIOS-e820: [mem 0x00000000fec00000-0x00000000fec00fff] reserved
[    0.000000] BIOS-e820: [mem 0x00000000fee00000-0x00000000fee00fff] reserved
[    0.000000] BIOS-e820: [mem 0x00000000fffc0000-0x00000000ffffffff] reserved
[    0.000000] NX (Execute Disable) protection: active
[    0.000000] SMBIOS 2.5 present.
[    0.000000] DMI: innotek GmbH VirtualBox/VirtualBox, BIOS VirtualBox 12/01/2006
[    0.000000] Hypervisor detected: KVM
[    0.000000] e820: last_pfn = 0x3fff0 max_arch_pfn = 0x400000000
[    0.000000] MTRR: Disabled
[    0.000000] x86/PAT: MTRRs disabled, skipping PAT initialization too.
[    0.000000] CPU MTRRs all blank - virtualized system.
[    0.000000] x86/PAT: Configuration [0-7]: WB  WT  UC- UC  WB  WT  UC- UC  
[    0.000000] found SMP MP-table at [mem 0x0009fff0-0x0009ffff]
[    0.000000] Scanning 1 areas for low memory corruption
[    0.000000] RAMDISK: [mem 0x35a6b000-0x36d2cfff]
[    0.000000] ACPI: Early table checksum verification disabled
[    0.000000] ACPI: RSDP 0x00000000000E0000 000024 (v02 VBOX  )
[    0.000000] ACPI: XSDT 0x000000003FFF0030 00003C (v01 VBOX   VBOXXSDT 00000001 ASL  00000061)
[    0.000000] ACPI: FACP 0x000000003FFF00F0 0000F4 (v04 VBOX   VBOXFACP 00000001 ASL  00000061)
[    0.000000] ACPI: DSDT 0x000000003FFF0470 002325 (v02 VBOX   VBOXBIOS 00000002 INTL 20100528)
[    0.000000] ACPI: FACS 0x000000003FFF0200 000040
[    0.000000] ACPI: FACS 0x000000003FFF0200 000040
[    0.000000] ACPI: APIC 0x000000003FFF0240 00005C (v02 VBOX   VBOXAPIC 00000001 ASL  00000061)
[    0.000000] ACPI: SSDT 0x000000003FFF02A0 0001CC (v01 VBOX   VBOXCPUT 00000002 INTL 20100528)
[    0.000000] No NUMA configuration found
[    0.000000] Faking a node at [mem 0x0000000000000000-0x000000003ffeffff]
[    0.000000] NODE_DATA(0) allocated [mem 0x3ffc5000-0x3ffeffff]
[    0.000000] kvm-clock: cpu 0, msr 0:3ff44001, primary cpu clock
[    0.000000] kvm-clock: Using msrs 4b564d01 and 4b564d00
[    0.000000] kvm-clock: using sched offset of 5708106887 cycles
[    0.000000] clocksource: kvm-clock: mask: 0xffffffffffffffff max_cycles: 0x1cd42e4dffb, max_idle_ns: 881590591483 ns
[    0.000000] Zone ranges:
[    0.000000]   DMA      [mem 0x0000000000001000-0x0000000000ffffff]
[    0.000000]   DMA32    [mem 0x0000000001000000-0x000000003ffeffff]
[    0.000000]   Normal   empty
[    0.000000]   Device   empty
[    0.000000] Movable zone start for each node
[    0.000000] Early memory node ranges
[    0.000000]   node   0: [mem 0x0000000000001000-0x000000000009efff]
[    0.000000]   node   0: [mem 0x0000000000100000-0x000000003ffeffff]
[    0.000000] Reserved but unavailable: 98 pages
[    0.000000] Initmem setup node 0 [mem 0x0000000000001000-0x000000003ffeffff]
[    0.000000] ACPI: PM-Timer IO Port: 0x4008
[    0.000000] IOAPIC[0]: apic_id 2, version 32, address 0xfec00000, GSI 0-23
[    0.000000] ACPI: INT_SRC_OVR (bus 0 bus_irq 0 global_irq 2 dfl dfl)
[    0.000000] ACPI: INT_SRC_OVR (bus 0 bus_irq 9 global_irq 9 low level)
[    0.000000] Using ACPI (MADT) for SMP configuration information
[    0.000000] smpboot: Allowing 2 CPUs, 0 hotplug CPUs
[    0.000000] PM: Registered nosave memory: [mem 0x00000000-0x00000fff]
[    0.000000] PM: Registered nosave memory: [mem 0x0009f000-0x0009ffff]
[    0.000000] PM: Registered nosave memory: [mem 0x000a0000-0x000effff]
[    0.000000] PM: Registered nosave memory: [mem 0x000f0000-0x000fffff]
[    0.000000] e820: [mem 0x40000000-0xfebfffff] available for PCI devices
[    0.000000] Booting paravirtualized kernel on KVM
[    0.000000] clocksource: refined-jiffies: mask: 0xffffffff max_cycles: 0xffffffff, max_idle_ns: 7645519600211568 ns
[    0.000000] random: get_random_bytes called from start_kernel+0x99/0x4fd with crng_init=0
[    0.000000] setup_percpu: NR_CPUS:8192 nr_cpumask_bits:2 nr_cpu_ids:2 nr_node_ids:1
[    0.000000] percpu: Embedded 45 pages/cpu s147456 r8192 d28672 u1048576
[    0.000000] PV qspinlock hash table entries: 256 (order: 0, 4096 bytes)
[    0.000000] Built 1 zonelists, mobility grouping on.  Total pages: 257913
[    0.000000] Policy zone: DMA32
[    0.000000] Kernel command line: BOOT_IMAGE=/boot/vmlinuz-4.15.0-91-generic root=LABEL=cloudimg-rootfs ro console=tty1 console=ttyS0
[    0.000000] Memory: 983060K/1048120K available (12300K kernel code, 2481K rwdata, 4264K rodata, 2432K init, 2712K bss, 65060K reserved, 0K cma-reserved)
[    0.000000] SLUB: HWalign=64, Order=0-3, MinObjects=0, CPUs=2, Nodes=1
[    0.000000] Kernel/User page tables isolation: enabled
[    0.000000] ftrace: allocating 39347 entries in 154 pages
[    0.004000] Hierarchical RCU implementation.
[    0.004000] 	RCU restricting CPUs from NR_CPUS=8192 to nr_cpu_ids=2.
[    0.004000] 	Tasks RCU enabled.
[    0.004000] RCU: Adjusting geometry for rcu_fanout_leaf=16, nr_cpu_ids=2
[    0.004000] NR_IRQS: 524544, nr_irqs: 440, preallocated irqs: 16
[    0.004000] Console: colour VGA+ 80x25
[    0.004000] console [tty1] enabled
[    0.004000] console [ttyS0] enabled
[    0.004000] ACPI: Core revision 20170831
[    0.004000] ACPI: 2 ACPI AML tables successfully acquired and loaded
[    0.004000] APIC: Switch to symmetric I/O mode setup
[    0.004000] x2apic enabled
[    0.004000] Switched APIC routing to physical x2apic.
[    0.005973] ..TIMER: vector=0x30 apic1=0 pin1=2 apic2=-1 pin2=-1
[    0.008007] tsc: Detected 2700.000 MHz processor
[    0.012015] Calibrating delay loop (skipped) preset value.. 5400.00 BogoMIPS (lpj=10800000)
[    0.016013] pid_max: default: 32768 minimum: 301
[    0.020065] Security Framework initialized
[    0.021886] Yama: becoming mindful.
[    0.024060] AppArmor: AppArmor initialized
[    0.028085] Dentry cache hash table entries: 131072 (order: 8, 1048576 bytes)
[    0.032130] Inode-cache hash table entries: 65536 (order: 7, 524288 bytes)
[    0.036043] Mount-cache hash table entries: 2048 (order: 2, 16384 bytes)
[    0.040019] Mountpoint-cache hash table entries: 2048 (order: 2, 16384 bytes)
[    0.044421] Last level iTLB entries: 4KB 64, 2MB 8, 4MB 8
[    0.048012] Last level dTLB entries: 4KB 64, 2MB 0, 4MB 0, 1GB 4
[    0.052011] Spectre V1 : Mitigation: usercopy/swapgs barriers and __user pointer sanitization
[    0.056009] Spectre V2 : Mitigation: Full generic retpoline
[    0.060007] Spectre V2 : Spectre v2 / SpectreRSB mitigation: Filling RSB on context switch
[    0.064009] Speculative Store Bypass: Vulnerable
[    0.068056] MDS: Mitigation: Clear CPU buffers
[    0.071306] Freeing SMP alternatives memory: 36K
[    0.185253] smpboot: CPU0: Intel(R) Core(TM) i5-5257U CPU @ 2.70GHz (family: 0x6, model: 0x3d, stepping: 0x4)
[    0.188148] Performance Events: unsupported p6 CPU model 61 no PMU driver, software events only.
[    0.192105] Hierarchical SRCU implementation.
[    0.196955] NMI watchdog: Perf event create on CPU 0 failed with -2
[    0.200011] NMI watchdog: Perf NMI watchdog permanently disabled
[    0.204209] smp: Bringing up secondary CPUs ...
[    0.208179] x86: Booting SMP configuration:
[    0.210361] .... node  #0, CPUs:      #1
[    0.004000] kvm-clock: cpu 1, msr 0:3ff44041, secondary cpu clock
[    0.220041] smp: Brought up 1 node, 2 CPUs
[    0.221913] smpboot: Max logical packages: 1
[    0.224022] smpboot: Total of 2 processors activated (10800.00 BogoMIPS)
[    0.228272] devtmpfs: initialized
[    0.232113] x86/mm: Memory block size: 128MB
[    0.234087] evm: security.selinux
[    0.235405] evm: security.SMACK64
[    0.236008] evm: security.SMACK64EXEC
[    0.237587] evm: security.SMACK64TRANSMUTE
[    0.240020] evm: security.SMACK64MMAP
[    0.242346] evm: security.apparmor
[    0.244010] evm: security.ima
[    0.246290] evm: security.capability
[    0.248180] clocksource: jiffies: mask: 0xffffffff max_cycles: 0xffffffff, max_idle_ns: 7645041785100000 ns
[    0.252033] futex hash table entries: 512 (order: 3, 32768 bytes)
[    0.258069] pinctrl core: initialized pinctrl subsystem
[    0.260205] RTC time: 15:53:51, date: 01/28/21
[    0.264366] NET: Registered protocol family 16
[    0.266915] audit: initializing netlink subsys (disabled)
[    0.272034] audit: type=2000 audit(1611849238.758:1): state=initialized audit_enabled=0 res=1
[    0.280064] cpuidle: using governor ladder
[    0.284064] cpuidle: using governor menu
[    0.288274] ACPI: bus type PCI registered
[    0.292049] acpiphp: ACPI Hot Plug PCI Controller Driver version: 0.5
[    0.296341] PCI: Using configuration type 1 for base access
[    0.304106] HugeTLB registered 2.00 MiB page size, pre-allocated 0 pages
[    0.308148] ACPI: Added _OSI(Module Device)
[    0.312026] ACPI: Added _OSI(Processor Device)
[    0.316026] ACPI: Added _OSI(3.0 _SCP Extensions)
[    0.320014] ACPI: Added _OSI(Processor Aggregator Device)
[    0.324013] ACPI: Added _OSI(Linux-Dell-Video)
[    0.328014] ACPI: Added _OSI(Linux-Lenovo-NV-HDMI-Audio)
[    0.332013] ACPI: Added _OSI(Linux-HPI-Hybrid-Graphics)
[    0.336793] ACPI: Executed 1 blocks of module-level executable AML code
[    0.347398] ACPI: Interpreter enabled
[    0.348041] ACPI: (supports S0 S5)
[    0.349854] ACPI: Using IOAPIC for interrupt routing
[    0.352408] PCI: Using host bridge windows from ACPI; if necessary, use "pci=nocrs" and report a bug
[    0.356486] ACPI: Enabled 2 GPEs in block 00 to 07
[    0.375579] ACPI: PCI Root Bridge [PCI0] (domain 0000 [bus 00-ff])
[    0.376024] acpi PNP0A03:00: _OSC: OS supports [ASPM ClockPM Segments MSI]
[    0.380941] acpi PNP0A03:00: _OSC: not requesting OS control; OS requires [ExtendedConfig ASPM ClockPM MSI]
[    0.384041] acpi PNP0A03:00: fail to add MMCONFIG information, can't access extended PCI configuration space under this bridge.
[    0.389049] PCI host bridge to bus 0000:00
[    0.392012] pci_bus 0000:00: root bus resource [io  0x0000-0x0cf7 window]
[    0.396018] pci_bus 0000:00: root bus resource [io  0x0d00-0xffff window]
[    0.400016] pci_bus 0000:00: root bus resource [mem 0x000a0000-0x000bffff window]
[    0.404018] pci_bus 0000:00: root bus resource [mem 0x40000000-0xfdffffff window]
[    0.408015] pci_bus 0000:00: root bus resource [bus 00-ff]
[    0.419650] pci 0000:00:01.1: legacy IDE quirk: reg 0x10: [io  0x01f0-0x01f7]
[    0.420025] pci 0000:00:01.1: legacy IDE quirk: reg 0x14: [io  0x03f6]
[    0.422901] pci 0000:00:01.1: legacy IDE quirk: reg 0x18: [io  0x0170-0x0177]
[    0.428015] pci 0000:00:01.1: legacy IDE quirk: reg 0x1c: [io  0x0376]
[    0.470163] pci 0000:00:07.0: quirk: [io  0x4000-0x403f] claimed by PIIX4 ACPI
[    0.472066] pci 0000:00:07.0: quirk: [io  0x4100-0x410f] claimed by PIIX4 SMB
[    0.505382] ACPI: PCI Interrupt Link [LNKA] (IRQs 5 9 10 *11)
[    0.508856] ACPI: PCI Interrupt Link [LNKB] (IRQs 5 9 *10 11)
[    0.512341] ACPI: PCI Interrupt Link [LNKC] (IRQs 5 *9 10 11)
[    0.516309] ACPI: PCI Interrupt Link [LNKD] (IRQs 5 9 10 *11)
[    0.520796] SCSI subsystem initialized
[    0.524109] pci 0000:00:02.0: vgaarb: setting as boot VGA device
[    0.528000] pci 0000:00:02.0: vgaarb: VGA device added: decodes=io+mem,owns=io+mem,locks=none
[    0.528019] pci 0000:00:02.0: vgaarb: bridge control possible
[    0.532010] vgaarb: loaded
[    0.536075] ACPI: bus type USB registered
[    0.538340] usbcore: registered new interface driver usbfs
[    0.540053] usbcore: registered new interface driver hub
[    0.544066] usbcore: registered new device driver usb
[    0.546515] EDAC MC: Ver: 3.0.0
[    0.548624] PCI: Using ACPI for IRQ routing
[    0.552800] NetLabel: Initializing
[    0.556009] NetLabel:  domain hash size = 128
[    0.560047] NetLabel:  protocols = UNLABELED CIPSOv4 CALIPSO
[    0.562578] NetLabel:  unlabeled traffic allowed by default
[    0.568218] clocksource: Switched to clocksource kvm-clock
[    0.608198] VFS: Disk quotas dquot_6.6.0
[    0.611311] VFS: Dquot-cache hash table entries: 512 (order 0, 4096 bytes)
[    0.615957] AppArmor: AppArmor Filesystem Enabled
[    0.618103] pnp: PnP ACPI init
[    0.622727] pnp: PnP ACPI: found 3 devices
[    0.639511] clocksource: acpi_pm: mask: 0xffffff max_cycles: 0xffffff, max_idle_ns: 2085701024 ns
[    0.647656] NET: Registered protocol family 2
[    0.651154] TCP established hash table entries: 8192 (order: 4, 65536 bytes)
[    0.661781] TCP bind hash table entries: 8192 (order: 5, 131072 bytes)
[    0.670566] TCP: Hash tables configured (established 8192 bind 8192)
[    0.674946] UDP hash table entries: 512 (order: 2, 16384 bytes)
[    0.678310] UDP-Lite hash table entries: 512 (order: 2, 16384 bytes)
[    0.683573] NET: Registered protocol family 1
[    0.687821] pci 0000:00:00.0: Limiting direct PCI/PCI transfers
[    0.693033] pci 0000:00:01.0: Activating ISA DMA hang workarounds
[    0.696836] pci 0000:00:02.0: Video device with shadowed ROM at [mem 0x000c0000-0x000dffff]
[    0.703107] Unpacking initramfs...
[    1.242262] Freeing initrd memory: 19208K
[    1.244320] clocksource: tsc: mask: 0xffffffffffffffff max_cycles: 0x26eb3e3cc63, max_idle_ns: 440795236593 ns
[    1.249662] platform rtc_cmos: registered platform RTC device (no PNP device found)
[    1.253063] Scanning for low memory corruption every 60 seconds
[    1.257501] Initialise system trusted keyrings
[    1.261090] Key type blacklist registered
[    1.265417] workingset: timestamp_bits=36 max_order=18 bucket_order=0
[    1.270618] zbud: loaded
[    1.272636] squashfs: version 4.0 (2009/01/31) Phillip Lougher
[    1.275537] fuse init (API version 7.26)
[    1.282448] Key type asymmetric registered
[    1.284238] Asymmetric key parser 'x509' registered
[    1.286273] Block layer SCSI generic (bsg) driver version 0.4 loaded (major 246)
[    1.289915] io scheduler noop registered
[    1.291660] io scheduler deadline registered
[    1.293619] io scheduler cfq registered (default)
[    1.296545] ACPI: AC Adapter [AC] (on-line)
[    1.298368] input: Power Button as /devices/LNXSYSTM:00/LNXPWRBN:00/input/input0
[    1.301822] ACPI: Power Button [PWRF]
[    1.303574] input: Sleep Button as /devices/LNXSYSTM:00/LNXSLPBN:00/input/input1
[    1.307680] ACPI: Sleep Button [SLPF]
[    1.312575] Serial: 8250/16550 driver, 32 ports, IRQ sharing enabled
[    1.337475] ACPI: Battery Slot [BAT0] (battery present)
[    1.337972] 00:02: ttyS0 at I/O 0x3f8 (irq = 4, base_baud = 115200) is a 16550A
[    1.351259] Linux agpgart interface v0.103
[    1.356523] loop: module loaded
[    1.361122] scsi host0: ata_piix
[    1.363861] scsi host1: ata_piix
[    1.365432] ata1: PATA max UDMA/33 cmd 0x1f0 ctl 0x3f6 bmdma 0xd000 irq 14
[    1.369184] ata2: PATA max UDMA/33 cmd 0x170 ctl 0x376 bmdma 0xd008 irq 15
[    1.372558] libphy: Fixed MDIO Bus: probed
[    1.374554] tun: Universal TUN/TAP device driver, 1.6
[    1.377056] PPP generic driver version 2.4.2
[    1.379196] ehci_hcd: USB 2.0 'Enhanced' Host Controller (EHCI) Driver
[    1.382448] ehci-pci: EHCI PCI platform driver
[    1.384977] ehci-platform: EHCI generic platform driver
[    1.387840] ohci_hcd: USB 1.1 'Open' Host Controller (OHCI) Driver
[    1.390826] ohci-pci: OHCI PCI platform driver
[    1.393547] ohci-platform: OHCI generic platform driver
[    1.395893] uhci_hcd: USB Universal Host Controller Interface driver
[    1.399412] i8042: PNP: PS/2 Controller [PNP0303:PS2K,PNP0f03:PS2M] at 0x60,0x64 irq 1,12
[    1.405055] serio: i8042 KBD port at 0x60,0x64 irq 1
[    1.408212] serio: i8042 AUX port at 0x60,0x64 irq 12
[    1.410859] mousedev: PS/2 mouse device common for all mice
[    1.414928] input: AT Translated Set 2 keyboard as /devices/platform/i8042/serio0/input/input2
[    1.419476] rtc_cmos rtc_cmos: rtc core: registered rtc_cmos as rtc0
[    1.423244] rtc_cmos rtc_cmos: alarms up to one day, 114 bytes nvram
[    1.426118] i2c /dev entries driver
[    1.427757] device-mapper: uevent: version 1.0.3
[    1.431271] device-mapper: ioctl: 4.37.0-ioctl (2017-09-20) initialised: dm-devel@redhat.com
[    1.436555] ledtrig-cpu: registered to indicate activity on CPUs
[    1.440812] NET: Registered protocol family 10
[    1.450664] Segment Routing with IPv6
[    1.452662] NET: Registered protocol family 17
[    1.454595] Key type dns_resolver registered
[    1.456917] mce: Using 0 MCE banks
[    1.459180] RAS: Correctable Errors collector initialized.
[    1.466276] sched_clock: Marking stable (1466115994, 0)->(2041649904, -575533910)
[    1.472823] registered taskstats version 1
[    1.474419] Loading compiled-in X.509 certificates
[    1.479734] Loaded X.509 cert 'Build time autogenerated kernel key: d019e8c5f4cbc828f6af43369f65a014a3a68371'
[    1.484175] zswap: loaded using pool lzo/zbud
[    1.492936] Key type big_key registered
[    1.494607] Key type trusted registered
[    1.499758] Key type encrypted registered
[    1.501695] AppArmor: AppArmor sha1 policy hashing enabled
[    1.503874] ima: No TPM chip found, activating TPM-bypass! (rc=-19)
[    1.506673] ima: Allocated hash algorithm: sha1
[    1.508684] evm: HMAC attrs: 0x1
[    1.511191]   Magic number: 5:5:893
[    1.512977] rtc_cmos rtc_cmos: setting system clock to 2021-01-28 15:53:52 UTC (1611849232)
[    1.517269] BIOS EDD facility v0.16 2004-Jun-25, 0 devices found
[    1.519766] EDD information not available.
[    1.564568] Freeing unused kernel image memory: 2432K
[    1.576224] Write protecting the kernel read-only data: 20480k
[    1.582922] Freeing unused kernel image memory: 2008K
[    1.587020] Freeing unused kernel image memory: 1880K
[    1.599404] x86/mm: Checked W+X mappings: passed, no W+X pages found.
[    1.613459] x86/mm: Checking user space page tables
[    1.630973] x86/mm: Checked W+X mappings: passed, no W+X pages found.
Loading, please wait...
starting version 237
[    1.808374] e1000: Intel(R) PRO/1000 Network Driver - version 7.3.21-k8-NAPI
[    1.814571] e1000: Copyright (c) 1999-2006 Intel Corporation.
[    1.822612] Fusion MPT base driver 3.04.20
[    1.824479] Copyright (c) 1999-2008 LSI Corporation
[    1.838451] AVX2 version of gcm_enc/dec engaged.
[    1.840755] AES CTR mode by8 optimization enabled
[    1.863538] Fusion MPT SPI Host driver 3.04.20
[    2.042777] input: ImExPS/2 Generic Explorer Mouse as /devices/platform/i8042/serio1/input/input4
[    2.553392] e1000 0000:00:03.0 eth0: (PCI:33MHz:32-bit) 02:39:67:45:9c:e6
[    2.556631] e1000 0000:00:03.0 eth0: Intel(R) PRO/1000 Network Connection
[    3.293317] e1000 0000:00:08.0 eth1: (PCI:33MHz:32-bit) 08:00:27:e1:4f:5f
[    3.296187] e1000 0000:00:08.0 eth1: Intel(R) PRO/1000 Network Connection
[    3.301689] e1000 0000:00:08.0 enp0s8: renamed from eth1
[    3.312239] mptbase: ioc0: Initiating bringup
[    3.345375] e1000 0000:00:03.0 enp0s3: renamed from eth0
[    3.652288] ioc0: LSI53C1030 A0: Capabilities={Initiator}
[    5.734605] scsi host2: ioc0: LSI53C1030 A0, FwRev=00000000h, Ports=1, MaxQ=256, IRQ=20
[    7.409609] scsi 2:0:0:0: Direct-Access     VBOX     HARDDISK         1.0  PQ: 0 ANSI: 5
[    7.870627] scsi target2:0:0: Beginning Domain Validation
[    7.874720] scsi target2:0:0: Domain Validation skipping write tests
[    7.877197] scsi target2:0:0: Ending Domain Validation
[    7.879482] scsi target2:0:0: asynchronous
[    7.881925] scsi 2:0:1:0: Direct-Access     VBOX     HARDDISK         1.0  PQ: 0 ANSI: 5
[    8.270696] scsi target2:0:1: Beginning Domain Validation
[    8.273377] random: fast init done
[    8.277409] scsi target2:0:1: Domain Validation skipping write tests
[    8.282240] scsi target2:0:1: Ending Domain Validation
[    8.285313] scsi target2:0:1: asynchronous
[    8.296289] random: systemd-udevd: uninitialized urandom read (16 bytes read)
[    8.300245] random: systemd-udevd: uninitialized urandom read (16 bytes read)
[    8.305277] random: systemd-udevd: uninitialized urandom read (16 bytes read)
[    8.309355] sd 2:0:0:0: Attached scsi generic sg0 type 0
[    8.312033] sd 2:0:0:0: [sda] 20971520 512-byte logical blocks: (10.7 GB/10.0 GiB)
[    8.315911] sd 2:0:0:0: [sda] Write Protect is off
[    8.318471] sd 2:0:1:0: Attached scsi generic sg1 type 0
[    8.321224] sd 2:0:0:0: [sda] Incomplete mode parameter data
[    8.323574] sd 2:0:0:0: [sda] Assuming drive cache: write through
[    8.326607] sd 2:0:1:0: [sdb] 20480 512-byte logical blocks: (10.5 MB/10.0 MiB)
[    8.328834]  sda: sda1
[    8.331925] sd 2:0:1:0: [sdb] Write Protect is off
[    8.333486] sd 2:0:0:0: [sda] Attached SCSI disk
[    8.337404] sd 2:0:1:0: [sdb] Incomplete mode parameter data
[    8.339909] sd 2:0:1:0: [sdb] Assuming drive cache: write through
[    8.347592] sd 2:0:1:0: [sdb] Attached SCSI disk
Begin: Loading essential drivers ... [    9.976324] raid6: sse2x1   gen()  4418 MB/s
[   10.024268] raid6: sse2x1   xor()  3399 MB/s
[   10.072328] raid6: sse2x2   gen()  6804 MB/s
[   10.120091] raid6: sse2x2   xor()  4396 MB/s
[   10.168243] raid6: sse2x4   gen()  6733 MB/s
[   10.216155] raid6: sse2x4   xor()  4290 MB/s
[   10.264284] raid6: avx2x1   gen()  9158 MB/s
[   10.312278] raid6: avx2x1   xor()  7184 MB/s
[   10.360545] raid6: avx2x2   gen()  9993 MB/s
[   10.408141] raid6: avx2x2   xor()  7705 MB/s
[   10.456076] raid6: avx2x4   gen() 11739 MB/s
[   10.504164] raid6: avx2x4   xor()  6094 MB/s
[   10.507959] raid6: using algorithm avx2x4 gen() 11739 MB/s
[   10.514672] raid6: .... xor() 6094 MB/s, rmw enabled
[   10.521293] raid6: using avx2x2 recovery algorithm
[   10.531373] xor: automatically using best checksumming function   avx       
[   10.537315] async_tx: api initialized (async)
done.
Begin: Running /scripts/init-premount ... done.
Begin: Mounting root file system ... Begin: Running /scripts/local-top ... done.
Begin: Running /scripts/local-premount ... [   10.664000] Btrfs loaded, crc32c=crc32c-intel
Scanning for Btrfs filesystems
done.
Warning: fsck not present, so skipping root file system
[   10.772987] EXT4-fs (sda1): mounted filesystem with ordered data mode. Opts: (null)
done.
Begin: Running /scripts/local-bottom ... done.
Begin: Running /scripts/init-bottom ... done.
[   11.088533] ip_tables: (C) 2000-2006 Netfilter Core Team
[   11.113981] systemd[1]: systemd 237 running in system mode. (+PAM +AUDIT +SELINUX +IMA +APPARMOR +SMACK +SYSVINIT +UTMP +LIBCRYPTSETUP +GCRYPT +GNUTLS +ACL +XZ +LZ4 +SECCOMP +BLKID +ELFUTILS +KMOD -IDN2 +IDN -PCRE2 default-hierarchy=hybrid)
[   11.124488] systemd[1]: Detected virtualization oracle.
[   11.126481] systemd[1]: Detected architecture x86-64.

Welcome to [1mUbuntu 18.04.4 LTS[0m!

[   11.654270] systemd[1]: Set hostname to <ubuntu>.
[   11.675630] systemd[1]: Initializing machine ID from random generator.
[   11.678518] systemd[1]: Installed transient /etc/machine-id file.
[   12.626472] systemd[1]: Created slice User and Session Slice.
[[0;32m  OK  [0m] Created slice User and Session Slice.
[   12.631623] systemd[1]: Started Forward Password Requests to Wall Directory Watch.
[[0;32m  OK  [0m] Started Forward Password Requests to Wall Directory Watch.
[   12.638057] systemd[1]: Set up automount Arbitrary Executable File Formats File System Automount Point.
[[0;32m  OK  [0m] Set up automount Arbitrary Executab…rmats File System Automount Point.
[   12.649162] systemd[1]: Reached target User and Group Name Lookups.
[[0;32m  OK  [0m] Reached target User and Group Name Lookups.
[[0;32m  OK  [0m] Reached target Swap.
[[0;32m  OK  [0m] Created slice System Slice.
[[0;32m  OK  [0m] Listening on Syslog Socket.
[[0;32m  OK  [0m] Listening on LVM2 poll daemon socket.
[[0;32m  OK  [0m] Listening on /dev/initctl Compatibility Named Pipe.
[[0;32m  OK  [0m] Listening on Journal Audit Socket.
[[0;32m  OK  [0m] Created slice system-serial\x2dgetty.slice.
[[0;32m  OK  [0m] Listening on Journal Socket.
         Starting Uncomplicated firewall...
         Starting Set the console keyboard layout...
         Mounting Kernel Debug File System...
         Mounting Huge Pages File System...
[[0;32m  OK  [0m] Listening on Device-mapper event daemon FIFOs.
[[0;32m  OK  [0m] Listening on Network Service Netlink Socket.
         Starting Load Kernel Modules...
[[0;32m  OK  [0m] Listening on Journal Socket (/dev/log).
[[0;32m  OK  [0m] Listening on udev Kernel Socket.
         Starting Remount Root and Kernel File Systems...
         Mounting POSIX Message Queue File System...
[   12.792502] Loading iSCSI transport class v2.0-870.
         Starting Create list of required st…ce nodes for the current kernel...
[   12.817241] iscsi: registered transport (tcp)
[[0;32m  OK  [0m] Reached target Slices.
[   12.833570] EXT4-fs (sda1): re-mounted. Opts: (null)
[[0;32m  OK  [0m] Listening on LVM2 metadata daemon socket.
[   12.861540] iscsi: registered transport (iser)
         Starting Monitoring of LVM2 mirrors…ng dmeventd or progress polling...
[[0;32m  OK  [0m] Listening on udev Control Socket.
         Starting udev Coldplug all Devices...
[[0;32m  OK  [0m] Reached target System Time Synchronized.
         Starting Journal Service...
[[0;32m  OK  [0m] Started Uncomplicated firewall.
[[0;32m  OK  [0m] Started Set the console keyboard layout.
[[0;32m  OK  [0m] Mounted Kernel Debug File System.
[[0;32m  OK  [0m] Mounted Huge Pages File System.
[[0;32m  OK  [0m] Started Load Kernel Modules.
[[0;32m  OK  [0m] Started Remount Root and Kernel File Systems.
[[0;32m  OK  [0m] Mounted POSIX Message Queue File System.
[[0;32m  OK  [0m] Started Create list of required sta…vice nodes for the current kernel.
[[0;32m  OK  [0m] Started LVM2 metadata daemon.
         Starting Create Static Device Nodes in /dev...
         Starting Load/Save Random Seed...
         Mounting Kernel Configuration File System...
         Starting Apply Kernel Variables...
[   13.130476] random: crng init done
[   13.134051] random: 7 urandom warning(s) missed due to ratelimiting
         Mounting FUSE Control File System...
[[0;32m  OK  [0m] Started Journal Service.
[[0;32m  OK  [0m] Started Monitoring of LVM2 mirrors,…sing dmeventd or progress polling.
[[0;32m  OK  [0m] Started udev Coldplug all Devices.
[[0;32m  OK  [0m] Started Create Static Device Nodes in /dev.
[[0;32m  OK  [0m] Started Load/Save Random Seed.
[[0;32m  OK  [0m] Mounted Kernel Configuration File System.
[[0;32m  OK  [0m] Started Apply Kernel Variables.
[[0;32m  OK  [0m] Mounted FUSE Control File System.
         Starting udev Kernel Device Manager...
[[0;32m  OK  [0m] Reached target Local File Systems (Pre).
[[0;32m  OK  [0m] Reached target Local File Systems.
         Starting AppArmor initialization...
         Starting Commit a transient machine-id on disk...
         Starting Set console font and keymap...
         Starting ebtables ruleset management...
         Starting Tell Plymouth To Write Out Runtime Data...
         Starting Flush Journal to Persistent Storage...
[[0;32m  OK  [0m] Started udev Kernel Device Manager.
[[0;32m  OK  [0m] Started Set console font and keymap.
[[0;32m  OK  [0m] Started Dispatch Password Requests to Console Directory Watch.
[[0;32m  OK  [0m] Reached target Local Encrypted Volumes.
[[0;32m  OK  [0m] Started Tell Plymouth To Write Out Runtime Data.
[[0;32m  OK  [0m] Started Commit a transient machine-id on disk.
[[0;32m  OK  [0m] Started ebtables ruleset management.
[[0;32m  OK  [0m] Started Flush Journal to Persistent Storage.
         Starting Create Volatile Files and Directories...
[[0;32m  OK  [0m] Started Create Volatile Files and Directories.
         Starting Update UTMP about System Boot/Shutdown...
[[0;32m  OK  [0m] Started Update UTMP about System Boot/Shutdown.
[[0;32m  OK  [0m] Found device /dev/ttyS0.
[[0;32m  OK  [0m] Listening on Load/Save RF Kill Switch Status /dev/rfkill Watch.
[[0;32m  OK  [0m] Started AppArmor initialization.
         Starting Initial cloud-init job (pre-networking)...
[   17.862283] cloud-init[571]: Cloud-init v. 19.4-33-gbb4131a2-0ubuntu1~18.04.1 running 'init-local' at Thu, 28 Jan 2021 15:54:08 +0000. Up 17.15 seconds.
[[0;32m  OK  [0m] Started Initial cloud-init job (pre-networking).
[[0;32m  OK  [0m] Reached target Network (Pre).
         Starting Network Service...
[[0;32m  OK  [0m] Started Network Service.
         Starting Wait for Network to be Configured...
         Starting Network Name Resolution...
[[0;32m  OK  [0m] Started Network Name Resolution.
[[0;32m  OK  [0m] Reached target Host and Network Name Lookups.
[[0;32m  OK  [0m] Reached target Network.
[[0;32m  OK  [0m] Started Wait for Network to be Configured.
         Starting Initial cloud-init job (metadata service crawler)...
[   20.430990] cloud-init[681]: Cloud-init v. 19.4-33-gbb4131a2-0ubuntu1~18.04.1 running 'init' at Thu, 28 Jan 2021 15:54:11 +0000. Up 20.13 seconds.
[   20.436959] cloud-init[681]: ci-info: ++++++++++++++++++++++++++++++++++++++Net device info+++++++++++++++++++++++++++++++++++++++
[   20.441377] cloud-init[681]: ci-info: +--------+-------+----------------------------+---------------+--------+-------------------+
[   20.446024] cloud-init[681]: ci-info: | Device |   Up  |          Address           |      Mask     | Scope  |     Hw-Address    |
[   20.450536] cloud-init[681]: ci-info: +--------+-------+----------------------------+---------------+--------+-------------------+
[   20.454422] cloud-init[681]: ci-info: | enp0s3 |  True |         10.0.2.15          | 255.255.255.0 | global | 02:39:67:45:9c:e6 |
[   20.459589] cloud-init[681]: ci-info: | enp0s3 |  True | fe80::39:67ff:fe45:9ce6/64 |       .       |  link  | 02:39:67:45:9c:e6 |
[   20.464472] cloud-init[681]: ci-info: | enp0s8 | False |             .              |       .       |   .    | 08:00:27:e1:4f:5f |
[   20.468484] cloud-init[681]: ci-info: |   lo   |  True |         127.0.0.1          |   255.0.0.0   |  host  |         .         |
[   20.472712] cloud-init[681]: ci-info: |   lo   |  True |          ::1/128           |       .       |  host  |         .         |
[   20.476343] cloud-init[681]: ci-info: +--------+-------+----------------------------+---------------+--------+-------------------+
[   20.488458] cloud-init[681]: ci-info: ++++++++++++++++++++++++++++Route IPv4 info+++++++++++++++++++++++++++++
[   20.492066] cloud-init[681]: ci-info: +-------+-------------+----------+-----------------+-----------+-------+
[   20.496631] cloud-init[681]: ci-info: | Route | Destination | Gateway  |     Genmask     | Interface | Flags |
[   20.500962] cloud-init[681]: ci-info: +-------+-------------+----------+-----------------+-----------+-------+
[   20.504607] cloud-init[681]: ci-info: |   0   |   0.0.0.0   | 10.0.2.2 |     0.0.0.0     |   enp0s3  |   UG  |
[   20.507934] cloud-init[681]: ci-info: |   1   |   10.0.2.0  | 0.0.0.0  |  255.255.255.0  |   enp0s3  |   U   |
[   20.516023] cloud-init[681]: ci-info: |   2   |   10.0.2.2  | 0.0.0.0  | 255.255.255.255 |   enp0s3  |   UH  |
[   20.519686] cloud-init[681]: ci-info: +-------+-------------+----------+-----------------+-----------+-------+
[   20.523067] cloud-init[681]: ci-info: +++++++++++++++++++Route IPv6 info+++++++++++++++++++
[   20.526306] cloud-init[681]: ci-info: +-------+-------------+---------+-----------+-------+
[   20.529859] cloud-init[681]: ci-info: | Route | Destination | Gateway | Interface | Flags |
[   20.532789] cloud-init[681]: ci-info: +-------+-------------+---------+-----------+-------+
[   20.535703] cloud-init[681]: ci-info: |   1   |  fe80::/64  |    ::   |   enp0s3  |   U   |
[   20.538681] cloud-init[681]: ci-info: |   3   |    local    |    ::   |   enp0s3  |   U   |
[   20.543239] cloud-init[681]: ci-info: |   4   |   ff00::/8  |    ::   |   enp0s3  |   U   |
[   20.545741] cloud-init[681]: ci-info: +-------+-------------+---------+-----------+-------+
[   21.982428] cloud-init[681]: Generating public/private rsa key pair.
[   21.985049] cloud-init[681]: Your identification has been saved in /etc/ssh/ssh_host_rsa_key.
[   21.989241] cloud-init[681]: Your public key has been saved in /etc/ssh/ssh_host_rsa_key.pub.
[   21.992586] cloud-init[681]: The key fingerprint is:
[   21.994679] cloud-init[681]: SHA256:w66/UmI9t2KhaLz4mxS6DYlSgyvfAXHQE6XxutQ8Qkw root@ubuntu-bionic
[   21.997396] cloud-init[681]: The key's randomart image is:
[   22.012659] cloud-init[681]: +---[RSA 2048]----+
[   22.024355] cloud-init[681]: |  ..Eo.          |
[   22.026391] cloud-init[681]: |   +o+           |
[   22.037135] cloud-init[681]: |  . =..          |
[   22.039033] cloud-init[681]: | . + + .         |
[   22.041335] cloud-init[681]: |. + = +.S        |
[   22.043700] cloud-init[681]: | + * +oo=..      |
[   22.052948] cloud-init[681]: |= +.+o +.+ .     |
[   22.054888] cloud-init[681]: |o. B+oo.o .      |
[   22.056923] cloud-init[681]: |  +oBo.+oo       |
[   22.059312] cloud-init[681]: +----[SHA256]-----+
[   22.061692] cloud-init[681]: Generating public/private dsa key pair.
[   22.063898] cloud-init[681]: Your identification has been saved in /etc/ssh/ssh_host_dsa_key.
[   22.067281] cloud-init[681]: Your public key has been saved in /etc/ssh/ssh_host_dsa_key.pub.
[   22.070052] cloud-init[681]: The key fingerprint is:
[   22.071931] cloud-init[681]: SHA256:OyfioBwlTC/A2CbsaC5DCLXzgyYTMYWfG8FctQicrfw root@ubuntu-bionic
[   22.075438] cloud-init[681]: The key's randomart image is:
[   22.077950] cloud-init[681]: +---[DSA 1024]----+
[   22.080441] cloud-init[681]: |o*++...          |
[   22.082314] cloud-init[681]: |==*o.. .         |
[   22.084016] cloud-init[681]: |*=*+. .          |
[   22.086237] cloud-init[681]: |=B*=             |
[   22.088103] cloud-init[681]: |=+*+=   S        |
[   22.090035] cloud-init[681]: |++.+E.   .       |
[   22.092170] cloud-init[681]: |o.. . . + .      |
[   22.094756] cloud-init[681]: |.o o o . +       |
[   22.096983] cloud-init[681]: |  o   .          |
[   22.098918] cloud-init[681]: +----[SHA256]-----+
[   22.100160] cloud-init[681]: Generating public/private ecdsa key pair.
[   22.102176] cloud-init[681]: Your identification has been saved in /etc/ssh/ssh_host_ecdsa_key.
[   22.105680] cloud-init[681]: Your public key has been saved in /etc/ssh/ssh_host_ecdsa_key.pub.
[   22.108972] cloud-init[681]: The key fingerprint is:
[   22.111306] cloud-init[681]: SHA256:QyGLwify/ZZikf9mXxUhTwcUNZ2AYoL191Pk8XO1XJU root@ubuntu-bionic
[   22.113724] cloud-init[681]: The key's randomart image is:
[   22.115238] cloud-init[681]: +---[ECDSA 256]---+
[   22.117015] cloud-init[681]: |      +..   ooBB@|
[   22.118835] cloud-init[681]: | .   o +.+ . ++EO|
[   22.120767] cloud-init[681]: |. + o . +...  o*o|
[   22.122265] cloud-init[681]: | o = . .  . . ..o|
[   22.137023] cloud-init[681]: |  . +   S    o.  |
[[0;32m  OK  [0m] Started Initial cloud-init job (metadata service crawler).
[   22.147384] cloud-init[681]: |     + . .   ..  |
[   22.162396] cloud-init[681]: |    o =     .    |
[   22.164100] cloud-init[681]: |   . o .o  .     |
[[0;32m  OK  [0m] Reached target System Initialization.
[[0;32m  OK  [0m] Started Daily Cleanup of Temporary Directories.
[[0;32m  OK  [0m] Listening on D-Bus System Message Bus Socket.
[   22.167360] cloud-init[681]: |       o...      |
[[0;32m  OK  [0m] Started Message of the Day.
[   22.189633] cloud-init[681]: +----[SHA256]-----+
[[0;32m  OK  [0m] Started Daily apt download activities.
[   22.202140] cloud-init[681]: Generating public/private ed25519 key pair.
[[0;32m  OK  [0m] Started Daily apt upgrade and clean activities.
[   22.206344] cloud-init[681]: Your identification has been saved in /etc/ssh/ssh_host_ed25519_key.
[[0;32m  OK  [0m] Listening on ACPID Listen Socket.
[   22.211250] cloud-init[681]: Your public key has been saved in /etc/ssh/ssh_host_ed25519_key.pub.
[[0;32m  OK  [0m] Started ACPI Events Check.
[   22.227954] cloud-init[681]: [[0;32m  OK  [0m] Reached target Paths.
The key fingerprint is:
[   22.232731] cloud-init[681]: SHA256:EPdvpjW+ewjCDpAvrVtvOFO+NgQtJkOyl5yYLxbRrZo root@ubuntu-bionic
         Starting LXD - unix socket.
[[0;32m  OK  [0m] Listening on UUID daemon activation socket.
[[0;32m  OK  [0m] Started Discard unused blocks once a week.
[   22.237940] cloud-init[681]: The key's randomart image is:
[[0;32m  OK  [0m] Reached target Timers.
[   22.267097] cloud-init[681]: +--[ED25519 256]--+
[   22.270426] cloud-init[681]: |   . .. .        |
[   22.272412] cloud-init[681]: |  o o .o .       |
[   22.274347] cloud-init[681]: |   O =..  .      |
[   22.276735] cloud-init[681]: |  = @ +..  .     |
         Starting Socket activation for snappy daemon.
[[0;32m  OK  [0m] Listening on Open-iSCSI iscsid Socket.[   22.282837] cloud-init[681]: |   * B +S   *    |
[   22.283137] cloud-init[681]: |  E o + = .* .   |
[   22.284876] cloud-init[681]: | . . o.B .....   |
[   22.286972] cloud-init[681]: |    ..+.*   ...  |
[   22.288754] cloud-init[681]: |    .. =oo  oo   |
[   22.289332] cloud-init[681]: +----[SHA256]-----+

[[0;32m  OK  [0m] Reached target Network is Online.
[[0;32m  OK  [0m] Reached target Remote File Systems (Pre).
[[0;32m  OK  [0m] Reached target Remote File Systems.
         Starting Availability of block devices...
[[0;32m  OK  [0m] Reached target Cloud-config availability.
[[0;32m  OK  [0m] Listening on LXD - unix socket.
[[0;32m  OK  [0m] Listening on Socket activation for snappy daemon.
[[0;32m  OK  [0m] Started Availability of block devices.
[[0;32m  OK  [0m] Reached target Sockets.
[[0;32m  OK  [0m] Reached target Basic System.
         Starting Login Service...
         Starting LSB: Record successful boot for GRUB...
[[0;32m  OK  [0m] Started Deferred execution scheduler.
         Starting LSB: automatic crash report generation...
         Starting Virtualbox guest utils...
[[0;32m  OK  [0m] Started D-Bus System Message Bus.
         Starting Permit User Sessions...
         Starting Dispatcher daemon for systemd-networkd...
[[0;32m  OK  [0m] Started Regular background program processing daemon.
[[0;32m  OK  [0m] Started FUSE filesystem for LXC.
         Starting System Logging Service...
         Starting Pollinate to seed the pseudo random number generator...
[[0;32m  OK  [0m] Started irqbalance daemon.
         Starting Snappy daemon...
         Starting Accounts Service...
         Starting LXD - container startup/shutdown...
[[0;32m  OK  [0m] Started System Logging Service.
[[0;32m  OK  [0m] Started Permit User Sessions.
[[0;32m  OK  [0m] Started Login Service.
[[0;32m  OK  [0m] Started Unattended Upgrades Shutdown.
         Starting Hold until boot process finishes up...
         Starting Terminate Plymouth Boot Screen...
[[0;32m  OK  [0m] Started Hold until boot process finishes up.
[[0;32m  OK  [0m] Started Serial Getty on ttyS0.
         Starting Set console scheme...
[[0;32m  OK  [0m] Started Terminate Plymouth Boot Screen.
[[0;32m  OK  [0m] Started Set console scheme.
[[0;32m  OK  [0m] Created slice system-getty.slice.
[[0;32m  OK  [0m] Started Getty on tty1.
[[0;32m  OK  [0m] Reached target Login Prompts.
[[0;32m  OK  [0m] Started LSB: Record successful boot for GRUB.
[[0;32m  OK  [0m] Started LSB: automatic crash report generation.
         Starting Authorization Manager...
[[0;32m  OK  [0m] Started Authorization Manager.
[[0;32m  OK  [0m] Started Accounts Service.
[[0;32m  OK  [0m] Started Virtualbox guest utils.
[[0;32m  OK  [0m] Started LXD - container startup/shutdown.
[[0;32m  OK  [0m] Started Dispatcher daemon for systemd-networkd.
[[0;32m  OK  [0m] Started Snappy daemon.
         Starting Wait until snapd is fully seeded...
[[0;32m  OK  [0m] Started Wait until snapd is fully seeded.
         Starting Apply the settings specified in cloud-config...
[   28.249362] cloud-init[1053]: Cloud-init v. 19.4-33-gbb4131a2-0ubuntu1~18.04.1 running 'modules:config' at Thu, 28 Jan 2021 15:54:18 +0000. Up 27.17 seconds.

Ubuntu 18.04.4 LTS ubuntu-bionic ttyS0

ubuntu-bionic login: ci-info: no authorized SSH keys fingerprints found for user ubuntu.
<14>Jan 28 15:54:22 ec2: 
<14>Jan 28 15:54:22 ec2: #############################################################
<14>Jan 28 15:54:22 ec2: -----BEGIN SSH HOST KEY FINGERPRINTS-----
<14>Jan 28 15:54:22 ec2: 1024 SHA256:OyfioBwlTC/A2CbsaC5DCLXzgyYTMYWfG8FctQicrfw root@ubuntu-bionic (DSA)
<14>Jan 28 15:54:22 ec2: 256 SHA256:QyGLwify/ZZikf9mXxUhTwcUNZ2AYoL191Pk8XO1XJU root@ubuntu-bionic (ECDSA)
<14>Jan 28 15:54:22 ec2: 256 SHA256:EPdvpjW+ewjCDpAvrVtvOFO+NgQtJkOyl5yYLxbRrZo root@ubuntu-bionic (ED25519)
<14>Jan 28 15:54:22 ec2: 2048 SHA256:w66/UmI9t2KhaLz4mxS6DYlSgyvfAXHQE6XxutQ8Qkw root@ubuntu-bionic (RSA)
<14>Jan 28 15:54:22 ec2: -----END SSH HOST KEY FINGERPRINTS-----
<14>Jan 28 15:54:22 ec2: #############################################################
-----BEGIN SSH HOST KEY KEYS-----
ecdsa-sha2-nistp256 AAAAE2VjZHNhLXNoYTItbmlzdHAyNTYAAAAIbmlzdHAyNTYAAABBBBRb0MYQJ4EEL7s8IYT52gN77iQrhpMiigiiAKax2VTxozHG1XLeTwu3TCiv6YWzayOxksL6ZITQTaIetNzvQvI= root@ubuntu-bionic
ssh-ed25519 AAAAC3NzaC1lZDI1NTE5AAAAIEwKvH2bfIScPDKf+OmuYRS7BAi671Yu9c4u9oXDQchT root@ubuntu-bionic
ssh-rsa AAAAB3NzaC1yc2EAAAADAQABAAABAQDMHj+lZSWplmdzC1/WAJrsx8x8n5+r6YT7XsK8Z5WZsqzL2AdFPC5DsPHmmZjnEgSyvbx92lGaBKU/+clWxLrtFXthwpB5fmxVtUZnRtRGxfWQXtN5nKIz5w5cXpjD1XB7r+U8+PqyibfmhEtpjDmhcyCufK9tnZoan7nyEb6fTNjF64RiRDGdT8vD6pAw4nckFsBacd6Ri3V47qYdPlJ+hFoNKs2va/xQTV1OsoZhHO/ZvNr+I1BTQz+XN4wQq38SYtFkZoXxu+2tUNO9VXhdPgN9tlouGBjSL5bDtpvR5JNIF0QMcRmywOZ8vcnqwfDVIn+Jvn9pmxykukfAcFnx root@ubuntu-bionic
-----END SSH HOST KEY KEYS-----
[   31.126097] cloud-init[1165]: Cloud-init v. 19.4-33-gbb4131a2-0ubuntu1~18.04.1 running 'modules:final' at Thu, 28 Jan 2021 15:54:21 +0000. Up 30.72 seconds.
[   31.136650] cloud-init[1165]: ci-info: no authorized SSH keys fingerprints found for user ubuntu.
[   31.139719] cloud-init[1165]: Cloud-init v. 19.4-33-gbb4131a2-0ubuntu1~18.04.1 finished at Thu, 28 Jan 2021 15:54:22 +0000. Datasource DataSourceNoCloud [seed=/dev/sdb][dsmode=net].  Up 31.11 seconds
